TN:
SF:server/index.js
FN:13,(anonymous_0)
FN:16,(anonymous_1)
FNF:2
FNH:1
FNDA:0,(anonymous_0)
FNDA:1,(anonymous_1)
DA:1,1
DA:2,1
DA:3,1
DA:4,1
DA:5,1
DA:6,1
DA:7,1
DA:8,1
DA:9,1
DA:11,1
DA:13,1
DA:16,1
DA:17,1
DA:19,1
LF:14
LH:14
BRDA:9,0,0,1
BRDA:9,0,1,0
BRF:2
BRH:1
end_of_record
TN:
SF:server/controllers/TodoController.js
FNF:0
FNH:0
DA:1,1
DA:2,1
DA:4,1
DA:10,1
DA:11,1
DA:13,0
DA:17,0
DA:24,1
DA:30,1
DA:33,0
DA:42,1
DA:47,2
DA:48,1
DA:50,1
DA:54,0
DA:63,1
DA:70,2
DA:71,1
DA:73,1
DA:77,0
DA:86,1
DA:93,2
DA:94,1
DA:96,1
DA:100,0
DA:106,1
LF:26
LH:20
BRDA:10,0,0,1
BRDA:10,0,1,0
BRDA:23,1,0,2
BRDA:23,1,1,1
BRDA:47,2,0,1
BRDA:47,2,1,1
BRDA:70,3,0,1
BRDA:70,3,1,1
BRDA:93,4,0,1
BRDA:93,4,1,1
BRF:10
BRH:9
end_of_record
TN:
SF:server/migrations/20201003171749-create-book.js
FN:2,(anonymous_0)
FN:28,(anonymous_1)
FNF:2
FNH:2
FNDA:1,(anonymous_0)
FNDA:1,(anonymous_1)
DA:1,2
DA:3,1
DA:29,1
LF:3
LH:3
BRF:0
BRH:0
end_of_record
TN:
SF:server/models/index.js
FN:42,(anonymous_0)
FN:46,(anonymous_1)
FN:51,(anonymous_2)
FNF:3
FNH:3
FNDA:2,(anonymous_0)
FNDA:1,(anonymous_1)
FNDA:1,(anonymous_2)
DA:1,1
DA:2,1
DA:3,1
DA:4,1
DA:6,1
DA:7,1
DA:9,1
DA:11,1
DA:13,1
DA:16,1
DA:17,0
DA:20,0
DA:35,1
DA:40,1
DA:43,2
DA:47,1
DA:48,1
DA:51,1
DA:52,1
DA:53,0
DA:57,1
DA:58,1
DA:60,1
LF:23
LH:20
BRDA:7,0,0,1
BRDA:7,0,1,0
BRDA:16,1,0,0
BRDA:16,1,1,1
BRDA:43,2,0,2
BRDA:43,2,1,2
BRDA:43,2,2,1
BRDA:52,3,0,0
BRDA:52,3,1,1
BRF:9
BRH:6
end_of_record
TN:
SF:server/models/todo.js
FN:1,(anonymous_0)
FNF:1
FNH:1
FNDA:1,(anonymous_0)
DA:1,1
DA:2,1
DA:12,1
LF:3
LH:3
BRF:0
BRH:0
end_of_record
TN:
SF:server/routes/todoRoutes.js
FNF:0
FNH:0
DA:1,1
DA:2,1
DA:4,1
DA:6,1
DA:7,1
DA:8,1
DA:9,1
DA:10,1
DA:12,1
LF:9
LH:9
BRF:0
BRH:0
end_of_record
TN:
SF:server/services/TodoService.js
FNF:0
FNH:0
DA:1,1
DA:66,1
LF:2
LH:2
BRF:0
BRH:0
end_of_record
TN:
SF:server/tests/test.js
FN:9,(anonymous_0)
FN:10,(anonymous_1)
FN:19,(anonymous_2)
FN:30,(anonymous_3)
FN:38,(anonymous_4)
FN:44,(anonymous_5)
FN:48,(anonymous_6)
FN:57,(anonymous_7)
FN:62,(anonymous_8)
FN:71,(anonymous_9)
FN:76,(anonymous_10)
FN:84,(anonymous_11)
FN:89,(anonymous_12)
FN:97,(anonymous_13)
FN:108,(anonymous_14)
FN:117,(anonymous_15)
FN:128,(anonymous_16)
FN:136,(anonymous_17)
FN:147,(anonymous_18)
FN:156,(anonymous_19)
FN:161,(anonymous_20)
FN:168,(anonymous_21)
FN:173,(anonymous_22)
FN:181,(anonymous_23)
FN:186,(anonymous_24)
FNF:25
FNH:25
FNDA:1,(anonymous_0)
FNDA:1,(anonymous_1)
FNDA:1,(anonymous_2)
FNDA:1,(anonymous_3)
FNDA:1,(anonymous_4)
FNDA:1,(anonymous_5)
FNDA:1,(anonymous_6)
FNDA:1,(anonymous_7)
FNDA:1,(anonymous_8)
FNDA:1,(anonymous_9)
FNDA:1,(anonymous_10)
FNDA:1,(anonymous_11)
FNDA:1,(anonymous_12)
FNDA:1,(anonymous_13)
FNDA:1,(anonymous_14)
FNDA:1,(anonymous_15)
FNDA:1,(anonymous_16)
FNDA:1,(anonymous_17)
FNDA:1,(anonymous_18)
FNDA:1,(anonymous_19)
FNDA:1,(anonymous_20)
FNDA:1,(anonymous_21)
FNDA:1,(anonymous_22)
FNDA:1,(anonymous_23)
FNDA:1,(anonymous_24)
DA:1,1
DA:2,1
DA:3,1
DA:4,1
DA:6,1
DA:7,1
DA:9,1
DA:10,1
DA:11,1
DA:15,1
DA:20,1
DA:21,1
DA:26,1
DA:30,1
DA:31,1
DA:34,1
DA:39,1
DA:40,1
DA:44,1
DA:45,1
DA:49,1
DA:50,1
DA:51,1
DA:52,1
DA:53,1
DA:57,1
DA:58,1
DA:59,1
DA:63,1
DA:64,1
DA:65,1
DA:66,1
DA:67,1
DA:71,1
DA:72,1
DA:73,1
DA:77,1
DA:78,1
DA:80,1
DA:84,1
DA:85,1
DA:86,1
DA:90,1
DA:91,1
DA:93,1
DA:97,1
DA:98,1
DA:99,1
DA:104,1
DA:109,1
DA:110,1
DA:111,1
DA:112,1
DA:113,1
DA:117,1
DA:118,1
DA:119,1
DA:124,1
DA:129,1
DA:130,1
DA:132,1
DA:136,1
DA:137,1
DA:138,1
DA:143,1
DA:148,1
DA:149,1
DA:151,1
DA:156,1
DA:157,1
DA:158,1
DA:162,1
DA:163,1
DA:164,1
DA:168,1
DA:169,1
DA:170,1
DA:174,1
DA:175,1
DA:177,1
DA:181,1
DA:182,1
DA:183,1
DA:187,1
DA:188,1
DA:189,1
LF:86
LH:86
BRF:0
BRH:0
end_of_record
TN:
SF:server/utils/Utils.js
FN:2,Util
FN:9,setSuccess
FN:16,setError
FN:22,send
FNF:4
FNH:4
FNDA:1,Util
FNDA:5,setSuccess
FNDA:7,setError
FNDA:12,send
DA:2,1
DA:3,1
DA:4,1
DA:5,1
DA:6,1
DA:10,5
DA:11,5
DA:12,5
DA:13,5
DA:17,7
DA:18,7
DA:19,7
DA:23,12
DA:29,12
DA:30,5
DA:32,7
LF:16
LH:16
BRDA:29,0,0,5
BRDA:29,0,1,7
BRF:2
BRH:2
end_of_record
